FILE_TYPE=LIBRARY_PARTS;
PRIMITIVE 'LESD5D5.0CT1G','LESD5D5.0CT1G_Other';
  PIN
    '1':
      PIN_NUMBER='(1)';
      NO_LOAD_CHECK=BOTH;
      NO_IO_CHECK=BOTH;
      ALLOW_CONNECT=TRUE;
      PINUSE='UNSPEC';
    '2':
      PIN_NUMBER='(2)';
      NO_LOAD_CHECK=BOTH;
      NO_IO_CHECK=BOTH;
      ALLOW_CONNECT=TRUE;
      PINUSE='UNSPEC';
  END_PIN;
  BODY
    PART_NAME='LESD5D5.0CT1G';
    PHYS_DES_PREFIX='D';
    NO_LOAD_CHECK='TRUE';
    PIN_COUNT='2';
    BODY_NAME='LESD5D5.0CT1G';
    JEDEC_TYPE='LESD5D50CT1G';
  END_BODY;
END_PRIMITIVE;
END.
